<?xml version="1.0" encoding="UTF-8"?>
<testsuite xmlns:xsi="http://www.w3.org/2001/XMLSchema-instance" xsi:noNamespaceSchemaLocation="https://maven.apache.org/surefire/maven-surefire-plugin/xsd/surefire-test-report-3.0.xsd" version="3.0" name="NumberProcessorTest" time="0.115" tests="7" errors="0" skipped="0" failures="0">
  <properties>
[...]
</properties>
  <testcase name="testEmptyArray" classname="NumberProcessorTest" time="0.048"/>
  <testcase name="testOnlyOdd" classname="NumberProcessorTest" time="0.003"/>
  <testcase name="testOnlyEven" classname="NumberProcessorTest" time="0.003"/>
  <testcase name="testMixedNumbers" classname="NumberProcessorTest" time="0.001"/>
  <testcase name="testOddNumbers" classname="NumberProcessorTest" time="0.002"/>
  <testcase name="testEvenNumbers" classname="NumberProcessorTest" time="0.002"/>
  <testcase name="testMixedPath" classname="NumberProcessorTest" time="0.004"/>
</testsuite>